
Starting the DPLSDK service
The DPLSDK service is running.
Starting the DPLSDK service
The DPLSDK service is running.
Starting the DPLSDK service
The DPLSDK service is running.
Starting the DPLSDK service
The DPLSDK service is running.
The DPLSDK service is restarting.
Starting the DPLSDK service
The DPLSDK service is running.
Starting the DPLSDK service
The DPLSDK service is running.
Starting the DPL service
The DPL service is running.
Starting the DPL service
The DPL service is running.
The DPL service is restarting.
Starting the DPL service
The DPL service is running.
Starting the DPL service
The DPL service is running.
Starting the DPL service
The DPL service is running.
Starting the DPL service
The DPL service is running.
Starting the DPL service
The DPL service is running.
Starting the DPL service
The DPL service is running.
The DPL service is restarting.
Starting the DPL service
The DPL service is running.
Starting the DPL service
The DPL service is running.
Starting the DPL service
The DPL service is running.
Starting the DPL service
The DPL service is running.
